Determining if the pthread_create exist failed with the following output:
Change Dir: /home/gec/catkin_ws/build/catkin_tools_prebuild/CMakeFiles/CMakeTmp

Run Build Command:"/usr/bin/make" "cmTC_c7e7f/fast"
/usr/bin/make -f CMakeFiles/cmTC_c7e7f.dir/build.make CMakeFiles/cmTC_c7e7f.dir/build
make[1]: Entering directory '/home/gec/catkin_ws/build/catkin_tools_prebuild/CMakeFiles/CMakeTmp'
Building C object CMakeFiles/cmTC_c7e7f.dir/CheckSymbolExists.c.o
/usr/bin/cc     -o CMakeFiles/cmTC_c7e7f.dir/CheckSymbolExists.c.o   -c /home/gec/catkin_ws/build/catkin_tools_prebuild/CMakeFiles/CMakeTmp/CheckSymbolExists.c
Linking C executable cmTC_c7e7f
/usr/bin/cmake -E cmake_link_script CMakeFiles/cmTC_c7e7f.dir/link.txt --verbose=1
/usr/bin/cc       CMakeFiles/cmTC_c7e7f.dir/CheckSymbolExists.c.o  -o cmTC_c7e7f -rdynamic 
CMakeFiles/cmTC_c7e7f.dir/CheckSymbolExists.c.o: In function `main':
CheckSymbolExists.c:(.text+0xa): undefined reference to `pthread_create'
collect2: error: ld returned 1 exit status
CMakeFiles/cmTC_c7e7f.dir/build.make:97: recipe for target 'cmTC_c7e7f' failed
make[1]: *** [cmTC_c7e7f] Error 1
make[1]: Leaving directory '/home/gec/catkin_ws/build/catkin_tools_prebuild/CMakeFiles/CMakeTmp'
Makefile:126: recipe for target 'cmTC_c7e7f/fast' failed
make: *** [cmTC_c7e7f/fast] Error 2

File /home/gec/catkin_ws/build/catkin_tools_prebuild/CMakeFiles/CMakeTmp/CheckSymbolExists.c:
/* */
#include <pthread.h>

int main(int argc, char** argv)
{
  (void)argv;
#ifndef pthread_create
  return ((int*)(&pthread_create))[argc];
#else
  (void)argc;
  return 0;
#endif
}

Determining if the function pthread_create exists in the pthreads failed with the following output:
Change Dir: /home/gec/catkin_ws/build/catkin_tools_prebuild/CMakeFiles/CMakeTmp

Run Build Command:"/usr/bin/make" "cmTC_8209b/fast"
/usr/bin/make -f CMakeFiles/cmTC_8209b.dir/build.make CMakeFiles/cmTC_8209b.dir/build
make[1]: Entering directory '/home/gec/catkin_ws/build/catkin_tools_prebuild/CMakeFiles/CMakeTmp'
Building C object CMakeFiles/cmTC_8209b.dir/CheckFunctionExists.c.o
/usr/bin/cc    -DCHECK_FUNCTION_EXISTS=pthread_create   -o CMakeFiles/cmTC_8209b.dir/CheckFunctionExists.c.o   -c /usr/share/cmake-3.5/Modules/CheckFunctionExists.c
Linking C executable cmTC_8209b
/usr/bin/cmake -E cmake_link_script CMakeFiles/cmTC_8209b.dir/link.txt --verbose=1
/usr/bin/cc   -DCHECK_FUNCTION_EXISTS=pthread_create    CMakeFiles/cmTC_8209b.dir/CheckFunctionExists.c.o  -o cmTC_8209b -rdynamic -lpthreads 
/usr/bin/ld: cannot find -lpthreads
collect2: error: ld returned 1 exit status
CMakeFiles/cmTC_8209b.dir/build.make:97: recipe for target 'cmTC_8209b' failed
make[1]: *** [cmTC_8209b] Error 1
make[1]: Leaving directory '/home/gec/catkin_ws/build/catkin_tools_prebuild/CMakeFiles/CMakeTmp'
Makefile:126: recipe for target 'cmTC_8209b/fast' failed
make: *** [cmTC_8209b/fast] Error 2


