Not searching for unused variables given on the command line.
[36m--[0m The C compiler identification is GNU 5.4.0
[36m--[0m The CXX compiler identification is GNU 5.4.0
[36m--[0m Check for working C compiler: /usr/bin/cc
[36m--[0m Check for working C compiler: /usr/bin/cc -- works
[36m--[0m Detecting C compiler ABI info
[36m--[0m Detecting C compiler ABI info - done
[36m--[0m Detecting C compile features
[36m--[0m Detecting C compile features - done
[36m--[0m Check for working CXX compiler: /usr/bin/c++
[36m--[0m Check for working CXX compiler: /usr/bin/c++ -- works
[36m--[0m Detecting CXX compiler ABI info
[36m--[0m Detecting CXX compiler ABI info - done
[36m--[0m Detecting CXX compile features
[36m--[0m Detecting CXX compile features - done
[36m--[0m Using CATKIN_DEVEL_PREFIX: /home/gec/catkin_ws/devel/.private/rtabmap_ros
[36m--[0m Using CMAKE_PREFIX_PATH: /home/gec/catkin_ws/devel;/opt/ros/kinetic
[36m--[0m This workspace overlays: /home/gec/catkin_ws/devel;/opt/ros/kinetic
[36m--[0m Found PythonInterp: /usr/bin/python (found version "2.7.12")
[36m--[0m Using PYTHON_EXECUTABLE: /usr/bin/python
[36m--[0m Using Debian Python package layout
[36m--[0m Using empy: /usr/bin/empy
[36m--[0m Using CATKIN_ENABLE_TESTING: ON
[36m--[0m Call enable_testing()
[36m--[0m Using CATKIN_TEST_RESULTS_DIR: /home/gec/catkin_ws/build/rtabmap_ros/test_results
[36m--[0m Found gmock sources under '/usr/src/gmock': gmock will be built
[36m--[0m Looking for pthread.h
[36m--[0m Looking for pthread.h - found
[36m--[0m Looking for pthread_create
[36m--[0m Looking for pthread_create - not found
[36m--[0m Looking for pthread_create in pthreads
[36m--[0m Looking for pthread_create in pthreads - not found
[36m--[0m Looking for pthread_create in pthread
[36m--[0m Looking for pthread_create in pthread - found
[36m--[0m Found Threads: TRUE
[36m--[0m Found gtest sources under '/usr/src/gmock': gtests will be built
[36m--[0m Using Python nosetests: /usr/bin/nosetests-2.7
[36m--[0m catkin 0.7.14
[36m--[0m Using these message generators: gencpp;geneus;genlisp;gennodejs;genpy
[33m[1mCMake Warning[0m at /home/gec/catkin_ws/src/rtabmap_ros/CMakeLists.txt:28 (find_package):
  By not providing "Findapriltags2_ros.cmake" in CMAKE_MODULE_PATH this
  project has asked CMake to find a package configuration file provided by
  "apriltags2_ros", but CMake did not find one.

  Could not find a package configuration file provided by "apriltags2_ros"
  with any of the following names:

    apriltags2_rosConfig.cmake
    apriltags2_ros-config.cmake

  Add the installation prefix of "apriltags2_ros" to CMAKE_PREFIX_PATH or set
  "apriltags2_ros_DIR" to a directory containing one of the above files.  If
  "apriltags2_ros" provides a separate development package or SDK, be sure it
  has been installed.


[31m[1mCMake Error[0m at /home/gec/catkin_ws/src/rtabmap_ros/CMakeLists.txt:34 (find_package):
  Could not find a configuration file for package "RTABMap" that is
  compatible with requested version "0.18.3".

  The following configuration files were considered but not accepted:

    /opt/ros/kinetic/lib/i386-linux-gnu/rtabmap-0.17/RTABMapConfig.cmake, version: 0.17.6



[36m--[0m Configuring incomplete, errors occurred!
See also "/home/gec/catkin_ws/build/rtabmap_ros/CMakeFiles/CMakeOutput.log".
See also "/home/gec/catkin_ws/build/rtabmap_ros/CMakeFiles/CMakeError.log".
