Determining if the pthread_create exist failed with the following output:
Change Dir: /home/gec/catkin_ws/build/rtabmap_ros/CMakeFiles/CMakeTmp

Run Build Command:"/usr/bin/make" "cmTC_d4ea3/fast"
/usr/bin/make -f CMakeFiles/cmTC_d4ea3.dir/build.make CMakeFiles/cmTC_d4ea3.dir/build
make[1]: Entering directory '/home/gec/catkin_ws/build/rtabmap_ros/CMakeFiles/CMakeTmp'
Building C object CMakeFiles/cmTC_d4ea3.dir/CheckSymbolExists.c.o
/usr/bin/cc     -o CMakeFiles/cmTC_d4ea3.dir/CheckSymbolExists.c.o   -c /home/gec/catkin_ws/build/rtabmap_ros/CMakeFiles/CMakeTmp/CheckSymbolExists.c
Linking C executable cmTC_d4ea3
/usr/bin/cmake -E cmake_link_script CMakeFiles/cmTC_d4ea3.dir/link.txt --verbose=1
/usr/bin/cc       CMakeFiles/cmTC_d4ea3.dir/CheckSymbolExists.c.o  -o cmTC_d4ea3 -rdynamic 
CMakeFiles/cmTC_d4ea3.dir/CheckSymbolExists.c.o: In function `main':
CheckSymbolExists.c:(.text+0xa): undefined reference to `pthread_create'
collect2: error: ld returned 1 exit status
CMakeFiles/cmTC_d4ea3.dir/build.make:97: recipe for target 'cmTC_d4ea3' failed
make[1]: *** [cmTC_d4ea3] Error 1
make[1]: Leaving directory '/home/gec/catkin_ws/build/rtabmap_ros/CMakeFiles/CMakeTmp'
Makefile:126: recipe for target 'cmTC_d4ea3/fast' failed
make: *** [cmTC_d4ea3/fast] Error 2

File /home/gec/catkin_ws/build/rtabmap_ros/CMakeFiles/CMakeTmp/CheckSymbolExists.c:
/* */
#include <pthread.h>

int main(int argc, char** argv)
{
  (void)argv;
#ifndef pthread_create
  return ((int*)(&pthread_create))[argc];
#else
  (void)argc;
  return 0;
#endif
}

Determining if the function pthread_create exists in the pthreads failed with the following output:
Change Dir: /home/gec/catkin_ws/build/rtabmap_ros/CMakeFiles/CMakeTmp

Run Build Command:"/usr/bin/make" "cmTC_bd9ba/fast"
/usr/bin/make -f CMakeFiles/cmTC_bd9ba.dir/build.make CMakeFiles/cmTC_bd9ba.dir/build
make[1]: Entering directory '/home/gec/catkin_ws/build/rtabmap_ros/CMakeFiles/CMakeTmp'
Building C object CMakeFiles/cmTC_bd9ba.dir/CheckFunctionExists.c.o
/usr/bin/cc    -DCHECK_FUNCTION_EXISTS=pthread_create   -o CMakeFiles/cmTC_bd9ba.dir/CheckFunctionExists.c.o   -c /usr/share/cmake-3.5/Modules/CheckFunctionExists.c
Linking C executable cmTC_bd9ba
/usr/bin/cmake -E cmake_link_script CMakeFiles/cmTC_bd9ba.dir/link.txt --verbose=1
/usr/bin/cc   -DCHECK_FUNCTION_EXISTS=pthread_create    CMakeFiles/cmTC_bd9ba.dir/CheckFunctionExists.c.o  -o cmTC_bd9ba -rdynamic -lpthreads 
/usr/bin/ld: cannot find -lpthreads
collect2: error: ld returned 1 exit status
CMakeFiles/cmTC_bd9ba.dir/build.make:97: recipe for target 'cmTC_bd9ba' failed
make[1]: *** [cmTC_bd9ba] Error 1
make[1]: Leaving directory '/home/gec/catkin_ws/build/rtabmap_ros/CMakeFiles/CMakeTmp'
Makefile:126: recipe for target 'cmTC_bd9ba/fast' failed
make: *** [cmTC_bd9ba/fast] Error 2


