Determining if the pthread_create exist failed with the following output:
Change Dir: /home/gec/catkin_ws/build/ros_robotics/CMakeFiles/CMakeTmp

Run Build Command:"/usr/bin/make" "cmTC_41134/fast"
/usr/bin/make -f CMakeFiles/cmTC_41134.dir/build.make CMakeFiles/cmTC_41134.dir/build
make[1]: Entering directory '/home/gec/catkin_ws/build/ros_robotics/CMakeFiles/CMakeTmp'
Building C object CMakeFiles/cmTC_41134.dir/CheckSymbolExists.c.o
/usr/bin/cc     -o CMakeFiles/cmTC_41134.dir/CheckSymbolExists.c.o   -c /home/gec/catkin_ws/build/ros_robotics/CMakeFiles/CMakeTmp/CheckSymbolExists.c
Linking C executable cmTC_41134
/usr/bin/cmake -E cmake_link_script CMakeFiles/cmTC_41134.dir/link.txt --verbose=1
/usr/bin/cc       CMakeFiles/cmTC_41134.dir/CheckSymbolExists.c.o  -o cmTC_41134 -rdynamic 
CMakeFiles/cmTC_41134.dir/CheckSymbolExists.c.o: In function `main':
CheckSymbolExists.c:(.text+0xa): undefined reference to `pthread_create'
collect2: error: ld returned 1 exit status
CMakeFiles/cmTC_41134.dir/build.make:97: recipe for target 'cmTC_41134' failed
make[1]: *** [cmTC_41134] Error 1
make[1]: Leaving directory '/home/gec/catkin_ws/build/ros_robotics/CMakeFiles/CMakeTmp'
Makefile:126: recipe for target 'cmTC_41134/fast' failed
make: *** [cmTC_41134/fast] Error 2

File /home/gec/catkin_ws/build/ros_robotics/CMakeFiles/CMakeTmp/CheckSymbolExists.c:
/* */
#include <pthread.h>

int main(int argc, char** argv)
{
  (void)argv;
#ifndef pthread_create
  return ((int*)(&pthread_create))[argc];
#else
  (void)argc;
  return 0;
#endif
}

Determining if the function pthread_create exists in the pthreads failed with the following output:
Change Dir: /home/gec/catkin_ws/build/ros_robotics/CMakeFiles/CMakeTmp

Run Build Command:"/usr/bin/make" "cmTC_655f7/fast"
/usr/bin/make -f CMakeFiles/cmTC_655f7.dir/build.make CMakeFiles/cmTC_655f7.dir/build
make[1]: Entering directory '/home/gec/catkin_ws/build/ros_robotics/CMakeFiles/CMakeTmp'
Building C object CMakeFiles/cmTC_655f7.dir/CheckFunctionExists.c.o
/usr/bin/cc    -DCHECK_FUNCTION_EXISTS=pthread_create   -o CMakeFiles/cmTC_655f7.dir/CheckFunctionExists.c.o   -c /usr/share/cmake-3.5/Modules/CheckFunctionExists.c
Linking C executable cmTC_655f7
/usr/bin/cmake -E cmake_link_script CMakeFiles/cmTC_655f7.dir/link.txt --verbose=1
/usr/bin/cc   -DCHECK_FUNCTION_EXISTS=pthread_create    CMakeFiles/cmTC_655f7.dir/CheckFunctionExists.c.o  -o cmTC_655f7 -rdynamic -lpthreads 
/usr/bin/ld: cannot find -lpthreads
collect2: error: ld returned 1 exit status
CMakeFiles/cmTC_655f7.dir/build.make:97: recipe for target 'cmTC_655f7' failed
make[1]: *** [cmTC_655f7] Error 1
make[1]: Leaving directory '/home/gec/catkin_ws/build/ros_robotics/CMakeFiles/CMakeTmp'
Makefile:126: recipe for target 'cmTC_655f7/fast' failed
make: *** [cmTC_655f7/fast] Error 2


